[backblue.gif]
[fade.gif]
[index.html]
[rvas001.myportfolio.com/site/translations274d]
[rvas001.myportfolio.com/dist/js/main274d.js]
[rvas001.myportfolio.com/index.html]
[use.typekit.net/ik/1QUlp7ULineXprS5ToWT-ZRxef5kr9YsDVtSmdoLRVXfe1SJGLGmIKvDFQqawQFL52b3wRgRZRmR52ZKjAjUF2qojAIu529kFQFR5QJk52quZA4cZQwUFgGMJ6sKdAukJ6s1dAoaH6GJX-b2IMMjgkMfH6qJyMIbMs6IJMJ7]
[cdn.myportfolio.com/d3ec2f36-33a1-4fff-929d-9a88aa3914e2/84a0a64f-ec45-4ea5-93a0-ffc49b43d0c1_car_4x32ac5.png]
[cdn.myportfolio.com/d3ec2f36-33a1-4fff-929d-9a88aa3914e2/84a0a64f-ec45-4ea5-93a0-ffc49b43d0c1_carw_4x3x32770f.png]
[cdn.myportfolio.com/d3ec2f36-33a1-4fff-929d-9a88aa3914e2/52f2afbc-15c2-48a6-ad42-891576771929_carw_4x3x32b687.png]
[cdn.myportfolio.com/d3ec2f36-33a1-4fff-929d-9a88aa3914e2/95b7e5fb-26d0-4cb1-9418-40025b670476_carw_4x3x327562.png]
[cdn.myportfolio.com/d3ec2f36-33a1-4fff-929d-9a88aa3914e2/40eac53f-104d-4274-9901-041de016f1d6_rwc_328x151x694x521x320fb6.png]
[cdn.myportfolio.com/d3ec2f36-33a1-4fff-929d-9a88aa3914e2/891bdd05-ebf2-4feb-9867-896ca9b021d4_carw_4x3x32c0b7.png]
[cdn.myportfolio.com/d3ec2f36-33a1-4fff-929d-9a88aa3914e2/541ce597-664d-435a-ab3a-bcb24e07fc7d_carw_4x3x320eef.png]
[rvas001.myportfolio.com/c.html]
[cdn.myportfolio.com/d3ec2f36-33a1-4fff-929d-9a88aa3914e2/2f6a4351-687a-4c47-abcd-abf24e4112a5_rwc_14x0x3212x2409x3212bef0.jpg]
[cdn.myportfolio.com/d3ec2f36-33a1-4fff-929d-9a88aa3914e2/2f6a4351-687a-4c47-abcd-abf24e4112a5_rwc_14x0x3212x2409x322292.jpg]
[rvas001.myportfolio.com/uxui-1.html]
[cdn.myportfolio.com/d3ec2f36-33a1-4fff-929d-9a88aa3914e2/bb220198-c9ca-432f-9cc3-34f38743100a_rwc_0x0x3212x2409x32fc62.jpg]
[cdn.myportfolio.com/d3ec2f36-33a1-4fff-929d-9a88aa3914e2/831c4c24-6655-42d8-8fb2-4567b5af8eb7_rwc_398x0x1069x802x1069e42c.png]
[cdn.myportfolio.com/d3ec2f36-33a1-4fff-929d-9a88aa3914e2/831c4c24-6655-42d8-8fb2-4567b5af8eb7_rwc_398x0x1069x802x32e608.png]
[cdn.myportfolio.com/d3ec2f36-33a1-4fff-929d-9a88aa3914e2/be49df7e-79ca-4b0b-8cdb-b1a18394d6e5_carw_4x3x3282fa.png]
[cdn.myportfolio.com/d3ec2f36-33a1-4fff-929d-9a88aa3914e2/7c4b9c48-a5ce-4d29-a890-c71929c8d425_carw_4x3x321dfd.jpg]
[cdn.myportfolio.com/d3ec2f36-33a1-4fff-929d-9a88aa3914e2/57278255-10e3-4291-b284-da814528f559_carw_4x3x322f02.jpg]
[cdn.myportfolio.com/d3ec2f36-33a1-4fff-929d-9a88aa3914e2/98881ac9-7266-4a36-83bd-f4840909db31_carw_4x3x32a40e.jpg]
[cdn.myportfolio.com/d3ec2f36-33a1-4fff-929d-9a88aa3914e2/767ef9e7-720e-47eb-abd4-43d04155840a_carw_4x3x32073e.jpg]
[cdn.myportfolio.com/d3ec2f36-33a1-4fff-929d-9a88aa3914e2/fee62679-dc4d-4b0b-8573-7fbdcdeeac3f_carw_4x3x32a481.jpg]
[cdn.myportfolio.com/d3ec2f36-33a1-4fff-929d-9a88aa3914e2/ddd76352-67fe-4796-ab33-18721da049bd_carw_4x3x3252a0.jpg]
[cdn.myportfolio.com/d3ec2f36-33a1-4fff-929d-9a88aa3914e2/64526de6-f361-4773-b0f2-846b234c5479_rwc_0x0x2428x1821x327a72.jpg]
[rvas001.myportfolio.com/javascript.html]
[cdn.myportfolio.com/d3ec2f36-33a1-4fff-929d-9a88aa3914e2/d8baeebc-192a-492d-ab9b-e3cd139383f9_rwc_0x700x1526x1144x32eba2.gif]
[cdn.myportfolio.com/d3ec2f36-33a1-4fff-929d-9a88aa3914e2/31720829-04f9-427d-943d-7f70fbf70e1a_rwc_0x0x1066x800x1066c458.jpg]
[cdn.myportfolio.com/d3ec2f36-33a1-4fff-929d-9a88aa3914e2/31720829-04f9-427d-943d-7f70fbf70e1a_rwc_0x0x1066x800x32ecdf.jpg]
[cdn.myportfolio.com/d3ec2f36-33a1-4fff-929d-9a88aa3914e2/2a5fc6b8-4526-4668-8199-3ad3d573fb95_rwc_0x0x1066x800x32ff6a.jpg]
[cdn.myportfolio.com/d3ec2f36-33a1-4fff-929d-9a88aa3914e2/950e403a-137e-49a2-ab2d-0c1818b4be8d_carw_4x3x32e883.jpg]
[cdn.myportfolio.com/d3ec2f36-33a1-4fff-929d-9a88aa3914e2/21f2ed66-15b3-4242-ac7d-fb3527d3260e_rwc_901x0x918x689x320a9c.jpg]
[cdn.myportfolio.com/d3ec2f36-33a1-4fff-929d-9a88aa3914e2/6f9ea1d8-3c3d-40ed-befe-eea2a93afbd9_carw_4x3x3252e5.jpg]
[rvas001.myportfolio.com/other-languagesprojects.html]
[rvas001.myportfolio.com/contact.html]
[rvas001.myportfolio.com/work.html]
[rvas001.myportfolio.com/dist/css/main.css]
[cdn.myportfolio.com/d3ec2f36-33a1-4fff-929d-9a88aa3914e2/466265c3a2557c7bb0068effaf024ad317343654341693.css]
[cdn.myportfolio.com/d3ec2f36-33a1-4fff-929d-9a88aa3914e2/eb0277eb25477b5644c75fa09e163fb21734365434858a.css]
[cdn.myportfolio.com/d3ec2f36-33a1-4fff-929d-9a88aa3914e2/3c6c5ac1-3d0f-4812-b7b1-b4f3b64ec42e629d.png]
[cdn.myportfolio.com/d3ec2f36-33a1-4fff-929d-9a88aa3914e2/3c6c5ac1-3d0f-4812-b7b1-b4f3b64ec42e_rw_1200d0fd.png]
[cdn.myportfolio.com/d3ec2f36-33a1-4fff-929d-9a88aa3914e2/883ffeaa-30fe-40bd-a855-60cdc788d735402c.png]
[cdn.myportfolio.com/d3ec2f36-33a1-4fff-929d-9a88aa3914e2/883ffeaa-30fe-40bd-a855-60cdc788d735_rw_120060c5.png]
[cdn.myportfolio.com/d3ec2f36-33a1-4fff-929d-9a88aa3914e2/541ce597-664d-435a-ab3a-bcb24e07fc7d_car_4x34fc6.png]
[cdn.myportfolio.com/d3ec2f36-33a1-4fff-929d-9a88aa3914e2/95b7e5fb-26d0-4cb1-9418-40025b670476_car_4x37c6d.png]
[cdn.myportfolio.com/d3ec2f36-33a1-4fff-929d-9a88aa3914e2/52f2afbc-15c2-48a6-ad42-891576771929_car_4x3ce3b.png]
[cdn.myportfolio.com/d3ec2f36-33a1-4fff-929d-9a88aa3914e2/891bdd05-ebf2-4feb-9867-896ca9b021d4_car_4x306d2.png]
[rvas001.myportfolio.com/c-logo.html]
[cdn.myportfolio.com/d3ec2f36-33a1-4fff-929d-9a88aa3914e2/40eac53f-104d-4274-9901-041de016f1d6_rwc_328x151x694x521x694dda2.png]
[cdn.myportfolio.com/d3ec2f36-33a1-4fff-929d-9a88aa3914e2/7b6d4aa8-049a-41f7-bb87-60375481f5e4af4c.png]
[cdn.myportfolio.com/d3ec2f36-33a1-4fff-929d-9a88aa3914e2/7b6d4aa8-049a-41f7-bb87-60375481f5e4_rw_19202e49.png]
[cdn.myportfolio.com/d3ec2f36-33a1-4fff-929d-9a88aa3914e2/3a62dd87-0131-4eb2-b21f-c73825176699f6eb.png]
[cdn.myportfolio.com/d3ec2f36-33a1-4fff-929d-9a88aa3914e2/3a62dd87-0131-4eb2-b21f-c73825176699_rw_1920edc8.png]
[cdn.myportfolio.com/d3ec2f36-33a1-4fff-929d-9a88aa3914e2/bf77fbbb-7377-49d8-99d9-43dc1a6f76184b10.png]
[rvas001.myportfolio.com/working-with-3d-c.html]
[cdn.myportfolio.com/d3ec2f36-33a1-4fff-929d-9a88aa3914e2/bf77fbbb-7377-49d8-99d9-43dc1a6f7618_rw_1920ac6d.png]
[rvas001.myportfolio.com/paint-brush-program.html]
[rvas001.myportfolio.com/audio-visualiser.html]
[rvas001.myportfolio.com/woking-with-audio-and-gui-c.html]
[rvas001.myportfolio.com/c-chatbot.html]
[cdn.myportfolio.com/d3ec2f36-33a1-4fff-929d-9a88aa3914e2/b6bda7df74260e839985d50ef8ef013f1734365434c521.css]
[cdn.myportfolio.com/d3ec2f36-33a1-4fff-929d-9a88aa3914e2/59e20482-ad53-498b-9d8b-0728806575f5d01d.png]
[cdn.myportfolio.com/d3ec2f36-33a1-4fff-929d-9a88aa3914e2/59e20482-ad53-498b-9d8b-0728806575f5_rw_19202e79.png]
[cdn.myportfolio.com/d3ec2f36-33a1-4fff-929d-9a88aa3914e2/bb220198-c9ca-432f-9cc3-34f38743100a_rwc_0x0x3212x2409x321266e6.jpg]
[rvas001.myportfolio.com/trip-hunter.html]
[cdn.myportfolio.com/d3ec2f36-33a1-4fff-929d-9a88aa3914e2/dbcf349f-90ab-4bf8-88e7-9805e4b5e718c98c.jpg]
[cdn.myportfolio.com/d3ec2f36-33a1-4fff-929d-9a88aa3914e2/dbcf349f-90ab-4bf8-88e7-9805e4b5e718_rw_6006da9.jpg]
[cdn.myportfolio.com/d3ec2f36-33a1-4fff-929d-9a88aa3914e2/92d84fcf-b8d9-45b2-943a-cd8777375ea19cba.jpg]
[cdn.myportfolio.com/d3ec2f36-33a1-4fff-929d-9a88aa3914e2/92d84fcf-b8d9-45b2-943a-cd8777375ea1_rw_600e57f.jpg]
[rvas001.myportfolio.com/eat-app.html]
[cdn.myportfolio.com/d3ec2f36-33a1-4fff-929d-9a88aa3914e2/eec9f3010a0434ea77d58a90143ca0f11734365434a242.css]
[cdn.myportfolio.com/d3ec2f36-33a1-4fff-929d-9a88aa3914e2/82164501-bcde-49a0-bc52-11b63f23ded95e89.jpg]
[cdn.myportfolio.com/d3ec2f36-33a1-4fff-929d-9a88aa3914e2/82164501-bcde-49a0-bc52-11b63f23ded9_rw_19205a8e.jpg]
[cdn.myportfolio.com/d3ec2f36-33a1-4fff-929d-9a88aa3914e2/767ef9e7-720e-47eb-abd4-43d04155840a_car_4x37260.jpg]
[cdn.myportfolio.com/d3ec2f36-33a1-4fff-929d-9a88aa3914e2/be49df7e-79ca-4b0b-8cdb-b1a18394d6e5_car_4x3a47e.png]
[cdn.myportfolio.com/d3ec2f36-33a1-4fff-929d-9a88aa3914e2/98881ac9-7266-4a36-83bd-f4840909db31_car_4x37aac.jpg]
[cdn.myportfolio.com/d3ec2f36-33a1-4fff-929d-9a88aa3914e2/57278255-10e3-4291-b284-da814528f559_car_4x352dd.jpg]
[cdn.myportfolio.com/d3ec2f36-33a1-4fff-929d-9a88aa3914e2/d8baeebc-192a-492d-ab9b-e3cd139383f9_rwc_0x700x1526x1144x152610bf.gif]
[cdn.myportfolio.com/d3ec2f36-33a1-4fff-929d-9a88aa3914e2/ddd76352-67fe-4796-ab33-18721da049bd_car_4x3b3cb.jpg]
[cdn.myportfolio.com/d3ec2f36-33a1-4fff-929d-9a88aa3914e2/7c4b9c48-a5ce-4d29-a890-c71929c8d425_car_4x307f8.jpg]
[cdn.myportfolio.com/d3ec2f36-33a1-4fff-929d-9a88aa3914e2/64526de6-f361-4773-b0f2-846b234c5479_rwc_0x0x2428x1821x24283ae7.jpg]
[cdn.myportfolio.com/d3ec2f36-33a1-4fff-929d-9a88aa3914e2/fee62679-dc4d-4b0b-8573-7fbdcdeeac3f_car_4x3843a.jpg]
[rvas001.myportfolio.com/crack-it-forum-website.html]
[rvas001.myportfolio.com/medusa-wants-takeaway.html]
[rvas001.myportfolio.com/recursive-pattern.html]
[rvas001.myportfolio.com/autonomous-agents.html]
[rvas001.myportfolio.com/noise-study.html]
[rvas001.myportfolio.com/stochastic-drawing.html]
[rvas001.myportfolio.com/sinusoidal.html]
[rvas001.myportfolio.com/modulo-and-phasing.html]
[cdn.myportfolio.com/d3ec2f36-33a1-4fff-929d-9a88aa3914e2/3166b635-2506-44f2-be3e-3d25434bfc46fcf5.png]
[cdn.myportfolio.com/d3ec2f36-33a1-4fff-929d-9a88aa3914e2/3166b635-2506-44f2-be3e-3d25434bfc46_rw_1920ea19.png]
[rvas001.myportfolio.com/alien-game.html]
[cdn.myportfolio.com/d3ec2f36-33a1-4fff-929d-9a88aa3914e2/1700e327-e16f-4495-aa02-c0d456281aa4a485.gif]
[rvas001.myportfolio.com/digital-poster.html]
[cdn.myportfolio.com/d3ec2f36-33a1-4fff-929d-9a88aa3914e2/1700e327-e16f-4495-aa02-c0d456281aa4_rw_1920838f.gif]
[cdn.myportfolio.com/d3ec2f36-33a1-4fff-929d-9a88aa3914e2/022cc2656de7f23afac673d4eae4ffad1734365434c66e.css]
[cdn.myportfolio.com/d3ec2f36-33a1-4fff-929d-9a88aa3914e2/c4446500-bfde-447d-b6e0-9ed0a5be970fe61f.png]
[cdn.myportfolio.com/d3ec2f36-33a1-4fff-929d-9a88aa3914e2/c4446500-bfde-447d-b6e0-9ed0a5be970f_rw_192048c2.png]
[cdn.myportfolio.com/d3ec2f36-33a1-4fff-929d-9a88aa3914e2/21f2ed66-15b3-4242-ac7d-fb3527d3260e_rwc_901x0x918x689x918c306.jpg]
[cdn.myportfolio.com/d3ec2f36-33a1-4fff-929d-9a88aa3914e2/950e403a-137e-49a2-ab2d-0c1818b4be8d_car_4x3c942.jpg]
[cdn.myportfolio.com/d3ec2f36-33a1-4fff-929d-9a88aa3914e2/6f9ea1d8-3c3d-40ed-befe-eea2a93afbd9_car_4x35d86.jpg]
[rvas001.myportfolio.com/teletext.html]
[cdn.myportfolio.com/d3ec2f36-33a1-4fff-929d-9a88aa3914e2/2a5fc6b8-4526-4668-8199-3ad3d573fb95_rwc_0x0x1066x800x1066135e.jpg]
[cdn.myportfolio.com/d3ec2f36-33a1-4fff-929d-9a88aa3914e2/754fe7f5-c721-4dbe-a96f-85a70d60d5dc14f0.png]
[rvas001.myportfolio.com/integer-calculator.html]
[cdn.myportfolio.com/d3ec2f36-33a1-4fff-929d-9a88aa3914e2/754fe7f5-c721-4dbe-a96f-85a70d60d5dc_rw_192055fc.png]
[rvas001.myportfolio.com/bell.html]
[cdn.myportfolio.com/d3ec2f36-33a1-4fff-929d-9a88aa3914e2/2afedb4c-bae0-47b9-805c-666fd389c88c04d0.jpg]
[cdn.myportfolio.com/d3ec2f36-33a1-4fff-929d-9a88aa3914e2/2afedb4c-bae0-47b9-805c-666fd389c88c_rw_1920349b.jpg]
[rvas001.myportfolio.com/live-website.html]
[rvas001.myportfolio.com/spaceship.html]
[cdn.myportfolio.com/d3ec2f36-33a1-4fff-929d-9a88aa3914e2/c3148c95d8f90f890a73d04182c9e4eb1734365434bc18.css]
[cdn.myportfolio.com/d3ec2f36-33a1-4fff-929d-9a88aa3914e2/717829a48b5fad64747b7bf2f577ae731734365434a24e.css]
[rvas001.myportfolio.com/github.com/rimiavas/ForumAPP.html]
